c:\users\yan\source\repos\mmt_hw5\hw5\debug\vc142.pdb
c:\users\yan\source\repos\mmt_hw5\hw5\debug\vc142.idb
c:\users\yan\source\repos\mmt_hw5\hw5\debug\deliveryvehicle.obj
c:\users\yan\source\repos\mmt_hw5\hw5\debug\professionaldeliveryvehicle.obj
c:\users\yan\source\repos\mmt_hw5\hw5\debug\fastdeliveryvehicle.obj
c:\users\yan\source\repos\mmt_hw5\hw5\debug\professionaldeliverycompany.obj
c:\users\yan\source\repos\mmt_hw5\hw5\debug\deliveryvehiclelist.obj
c:\users\yan\source\repos\mmt_hw5\hw5\debug\deliverycompany.obj
c:\users\yan\source\repos\mmt_hw5\hw5\debug\main2.obj
c:\users\yan\source\repos\mmt_hw5\hw5\debug\main1.obj
c:\users\yan\source\repos\mmt_hw5\hw5\debug\fastdeliverycompany.obj
c:\users\jenny\source\repos\mmt_hw5\hw5\debug\deliverycompany.obj
c:\users\jenny\source\repos\mmt_hw5\hw5\debug\deliveryvehicle.obj
c:\users\jenny\source\repos\mmt_hw5\hw5\debug\deliveryvehiclelist.obj
c:\users\jenny\source\repos\mmt_hw5\hw5\debug\fastdeliverycompany.obj
c:\users\jenny\source\repos\mmt_hw5\hw5\debug\fastdeliveryvehicle.obj
c:\users\jenny\source\repos\mmt_hw5\hw5\debug\main1.obj
c:\users\jenny\source\repos\mmt_hw5\hw5\debug\main2.obj
c:\users\jenny\source\repos\mmt_hw5\hw5\debug\professionaldeliverycompany.obj
c:\users\jenny\source\repos\mmt_hw5\hw5\debug\professionaldeliveryvehicle.obj
c:\users\jenny\source\repos\mmt_hw5\hw5\debug\vc142.idb
c:\users\jenny\source\repos\mmt_hw5\hw5\debug\vc142.pdb
c:\users\jenny\source\repos\mmt_hw5\hw5\debug\hw5.tlog\cl.command.1.tlog
c:\users\jenny\source\repos\mmt_hw5\hw5\debug\hw5.tlog\cl.read.1.tlog
c:\users\jenny\source\repos\mmt_hw5\hw5\debug\hw5.tlog\cl.write.1.tlog
